[07-Mar-2026 15:39:05 Asia/Kolkata] issues api: title=Accordion not programmatically determined, pageId=621
[07-Mar-2026 15:39:05 Asia/Kolkata] handleMetaHistory: key=issue_status, oldVals=[], newVals=[]
[07-Mar-2026 15:39:05 Asia/Kolkata] handleMetaHistory: Skipping issue_status - values are the same
[07-Mar-2026 15:39:05 Asia/Kolkata] handleMetaHistory: key=reporter_qa_status_map, oldVals=[], newVals=["{\"5\":[\"change_description\"]}"]
[07-Mar-2026 15:39:05 Asia/Kolkata] handleMetaHistory: Logging change for reporter_qa_status_map: '' -> '{"5":["change_description"]}'
[07-Mar-2026 15:39:05 Asia/Kolkata] handleMetaHistory: key=page_ids, oldVals=["621","631"], newVals=["621","631"]
[07-Mar-2026 15:39:05 Asia/Kolkata] handleMetaHistory: Skipping page_ids - values are the same
[07-Mar-2026 15:39:05 Asia/Kolkata] handleMetaHistory: key=reporter_ids, oldVals=["5"], newVals=["5"]
[07-Mar-2026 15:39:05 Asia/Kolkata] handleMetaHistory: Skipping reporter_ids - values are the same
[07-Mar-2026 15:39:05 Asia/Kolkata] Received metadata JSON: {"environments":["Chrome/JAWs"],"usersaffected":["Visual Impairment"],"wcagsuccesscriteria":["4.1.2"],"wcagsuccesscriterianame":["Non-text Content"],"wcagsuccesscriterialevel":["A"],"gigw30":["5.2.49"],"is17802":["9.4.1.2"]}
[07-Mar-2026 15:39:05 Asia/Kolkata] Metadata is array with 7 keys: environments, usersaffected, wcagsuccesscriteria, wcagsuccesscriterianame, wcagsuccesscriterialevel, gigw30, is17802
[07-Mar-2026 15:39:05 Asia/Kolkata] handleMetaHistory: key=environments, oldVals=["Chrome\/JAWs"], newVals=["Chrome\/JAWs"]
[07-Mar-2026 15:39:05 Asia/Kolkata] handleMetaHistory: Skipping environments - values are the same
[07-Mar-2026 15:39:05 Asia/Kolkata] Saving metadata: key=environments, values=Chrome/JAWs
[07-Mar-2026 15:39:05 Asia/Kolkata] handleMetaHistory: key=usersaffected, oldVals=["Visual Impairment"], newVals=["Visual Impairment"]
[07-Mar-2026 15:39:05 Asia/Kolkata] handleMetaHistory: Skipping usersaffected - values are the same
[07-Mar-2026 15:39:05 Asia/Kolkata] Saving metadata: key=usersaffected, values=Visual Impairment
[07-Mar-2026 15:39:05 Asia/Kolkata] handleMetaHistory: key=wcagsuccesscriteria, oldVals=["4.1.2"], newVals=["4.1.2"]
[07-Mar-2026 15:39:05 Asia/Kolkata] handleMetaHistory: Skipping wcagsuccesscriteria - values are the same
[07-Mar-2026 15:39:05 Asia/Kolkata] Saving metadata: key=wcagsuccesscriteria, values=4.1.2
[07-Mar-2026 15:39:05 Asia/Kolkata] handleMetaHistory: key=wcagsuccesscriterianame, oldVals=["Non-text Content"], newVals=["Non-text Content"]
[07-Mar-2026 15:39:05 Asia/Kolkata] handleMetaHistory: Skipping wcagsuccesscriterianame - values are the same
[07-Mar-2026 15:39:05 Asia/Kolkata] Saving metadata: key=wcagsuccesscriterianame, values=Non-text Content
[07-Mar-2026 15:39:05 Asia/Kolkata] handleMetaHistory: key=wcagsuccesscriterialevel, oldVals=["A"], newVals=["A"]
[07-Mar-2026 15:39:05 Asia/Kolkata] handleMetaHistory: Skipping wcagsuccesscriterialevel - values are the same
[07-Mar-2026 15:39:05 Asia/Kolkata] Saving metadata: key=wcagsuccesscriterialevel, values=A
[07-Mar-2026 15:39:05 Asia/Kolkata] handleMetaHistory: key=gigw30, oldVals=["5.2.49"], newVals=["5.2.49"]
[07-Mar-2026 15:39:05 Asia/Kolkata] handleMetaHistory: Skipping gigw30 - values are the same
[07-Mar-2026 15:39:05 Asia/Kolkata] Saving metadata: key=gigw30, values=5.2.49
[07-Mar-2026 15:39:05 Asia/Kolkata] handleMetaHistory: key=is17802, oldVals=["9.4.1.2"], newVals=["9.4.1.2"]
[07-Mar-2026 15:39:05 Asia/Kolkata] handleMetaHistory: Skipping is17802 - values are the same
[07-Mar-2026 15:39:05 Asia/Kolkata] Saving metadata: key=is17802, values=9.4.1.2
[08-Mar-2026 08:38:19 Asia/Kolkata] issues api: title=Accordion not programmatically determined, pageId=621
