
=== update_page_name called: 2026-02-04T18:46:46+01:00 ===
Array
(
    [action] => update_page_name
    [project_id] => 1
    [page_name] => qqqq
    [field] => page_name
    [unique_page_id] => 334
)

Created project_pages id=42 from unique_id=334 page_name=qqqq

=== update_page_name called: 2026-02-04T18:50:02+01:00 ===
Array
(
    [action] => update_page_name
    [project_id] => 1
    [page_name] => homeeeee
    [field] => page_name
    [unique_page_id] => 334
)

Created project_pages id=43 from unique_id=334 page_name=homeeeee

=== update_page_name called: 2026-02-04T18:50:36+01:00 ===
Array
(
    [action] => update_page_name
    [project_id] => 1
    [page_name] => homeeee
    [field] => page_name
    [unique_page_id] => 334
)

Created project_pages id=44 from unique_id=334 page_name=homeeee

=== update_page_name called: 2026-02-04T18:51:47+01:00 ===
Array
(
    [action] => update_page_name
    [project_id] => 1
    [page_name] => about us
    [field] => page_name
    [unique_page_id] => 335
)

existing_grouped_urls:Array
(
)

Created project_pages id=45 from unique_id=335 page_name=about us

=== update_page_name called: 2026-02-04T18:53:11+01:00 ===
Array
(
    [action] => update_page_name
    [project_id] => 1
    [page_name] => kar diya edit
    [field] => page_name
    [page_id] => 45
)

Updated project_pages id=45 field=page_name value=kar diya edit

=== update_page_name called: 2026-02-04T18:54:33+01:00 ===
Array
(
    [action] => update_page_name
    [project_id] => 1
    [page_name] => homeedit
    [field] => page_name
    [unique_page_id] => 335
)

existing_grouped_urls:Array
(
)

Created project_pages id=46 from unique_id=335 page_name=homeedit
post-create mapping rows:Array
(
)


=== update_page_name called: 2026-02-04T18:56:02+01:00 ===
Array
(
    [action] => update_page_name
    [project_id] => 1
    [page_name] => edit
    [field] => page_name
    [unique_page_id] => 334
)

existing_grouped_urls:Array
(
)

Created project_pages id=47 from unique_id=334 page_name=edit
post-create mapping rows:Array
(
)

created_project_page:Array
(
    [id] => 47
    [project_id] => 1
    [page_name] => edit
    [url] => https://www.samcomf.com/EmailBackService
    [page_number] => Page 2
)

project_pages_with_generated_url:Array
(
)

grouped_urls_after_create:Array
(
)


=== update_page_name called: 2026-02-04T18:57:03+01:00 ===
Array
(
    [action] => update_page_name
    [project_id] => 1
    [page_name] => edi
    [field] => page_name
    [page_id] => 47
)

Updated project_pages id=47 field=page_name value=edi

=== update_page_name called: 2026-02-04T18:58:05+01:00 ===
Array
(
    [action] => update_page_name
    [project_id] => 1
    [page_name] => edit
    [field] => page_name
    [page_id] => 47
)

Updated project_pages id=47 field=page_name value=edit

=== update_page_name called: 2026-02-04T18:59:21+01:00 ===
Array
(
    [action] => update_page_name
    [project_id] => 1
    [page_name] => homeeing
    [field] => page_name
    [page_id] => 4
)

Updated project_pages id=4 field=page_name value=homeeing

=== update_page_name called: 2026-02-04T19:02:25+01:00 ===
Array
(
    [action] => update_page_name
    [project_id] => 1
    [page_name] => home page
    [field] => page_name
    [page_id] => 3
)

Updated project_pages id=3 field=page_name value=home page

=== update_page_name called: 2026-02-04T19:02:36+01:00 ===
Array
(
    [action] => update_page_name
    [project_id] => 1
    [page_name] => about us
    [field] => page_name
    [page_id] => 4
)

Updated project_pages id=4 field=page_name value=about us

=== update_page_name request: 2026-02-05T03:24:29+01:00 ===
Array
(
    [action] => update_page_name
    [project_id] => 1
    [page_name] => trial
    [field] => page_name
    [page_id] => 3
)
 session_user=6

=== update_page_name request: 2026-02-05T03:24:37+01:00 ===
Array
(
    [action] => update_page_name
    [project_id] => 1
    [page_name] => about us
    [field] => page_name
    [page_id] => 5
)
 session_user=6

=== update_page_name request: 2026-02-05T03:24:52+01:00 ===
Array
(
    [action] => update_page_name
    [project_id] => 1
    [page_name] => about us
    [field] => notes
    [page_id] => 5
)
 session_user=6

=== update_page_name request: 2026-02-05T03:25:14+01:00 ===
Array
(
    [action] => update_page_name
    [project_id] => 1
    [page_name] => homeee
    [field] => page_name
    [page_id] => 7
)
 session_user=6

=== update_page_name request: 2026-02-05T03:27:11+01:00 ===
Array
(
    [action] => update_page_name
    [project_id] => 1
    [page_name] => homeee
    [field] => notes
    [page_id] => 6
)
 session_user=6
